<?xml version="1.0" encoding="UTF-8"?>
<!-- Generated by org.testng.reporters.JUnitReportReporter -->
<testsuite hostname="DESKTOP-3TAMTJ1" failures="0" tests="1" name="instest.ins_test" time="20.823" errors="0" timestamp="2025-01-30T10:15:43 IST" skipped="0">
  <testcase classname="instest.ins_test" name="testInsuranceForm" time="20.823"/>
  <system-out/>
</testsuite> <!-- instest.ins_test -->
